<?xml version="1.0" encoding="UTF-8"?>
<!-- Generated by org.testng.reporters.JUnitReportReporter -->
<testsuite hostname="japneeshs-MacBook-Air.local" failures="0" tests="1" name="com.inetbanking.testCases.TC_LoginTest_001" time="1.878" errors="0" timestamp="04 Mar 2022 09:32:37 GMT" skipped="0">
  <testcase classname="com.inetbanking.testCases.TC_LoginTest_001" name="loginTest" time="1.878"/>
</testsuite> <!-- com.inetbanking.testCases.TC_LoginTest_001 -->
