<?xml version="1.0" encoding="UTF-8"?>
<!-- Generated by org.testng.reporters.JUnitReportReporter -->
<testsuite hostname="japneeshs-MacBook-Air.local" failures="0" tests="1" name="com.inetbanking.testCases.TC_AddCustomerTest_003" time="19.082" errors="0" timestamp="14 Mar 2022 07:56:06 GMT" skipped="0">
  <testcase classname="com.inetbanking.testCases.TC_AddCustomerTest_003" name="addNewCustomer" time="19.082"/>
</testsuite> <!-- com.inetbanking.testCases.TC_AddCustomerTest_003 -->
